<?xml version="1.0" encoding="UTF-8"?>
<!-- Generated by org.testng.reporters.JUnitXMLReporter -->
<testsuite ignored="0" hostname="Flynn" failures="5" tests="5" name="Test" time="10.628" errors="0" timestamp="2023-03-02T13:12:50 IST">
  <testcase classname="testPackBarclays.BarclayTestNG" name="Test1" time="0.009">
    <failure type="java.lang.NoSuchMethodError" message="&amp;apos;void org.openqa.selenium.support.PageFactory.initElements(org.openqa.selenium.WebDriver, java.lang.Object)&amp;apos;">
      <![CDATA[java.lang.NoSuchMethodError: 'void org.openqa.selenium.support.PageFactory.initElements(org.openqa.selenium.WebDriver, java.lang.Object)'
at barclayPomClasses.Homepage.<init>(Homepage.java:43)
at testPackBarclays.BarclayTestNG.Test1(BarclayTestNG.java:39)
at java.base/java.util.ArrayList.forEach(ArrayList.java:1511)
... Removed 27 stack frames]]>
    </failure>
  </testcase> <!-- Test1 -->
  <testcase classname="testPackBarclays.BarclayTestNG" name="Test2" time="0.001">
    <failure type="java.lang.NoSuchMethodError" message="&amp;apos;void org.openqa.selenium.support.PageFactory.initElements(org.openqa.selenium.WebDriver, java.lang.Object)&amp;apos;">
      <![CDATA[java.lang.NoSuchMethodError: 'void org.openqa.selenium.support.PageFactory.initElements(org.openqa.selenium.WebDriver, java.lang.Object)'
at barclayPomClasses.Homepage.<init>(Homepage.java:43)
at testPackBarclays.BarclayTestNG.Test2(BarclayTestNG.java:67)
at java.base/java.util.ArrayList.forEach(ArrayList.java:1511)
... Removed 27 stack frames]]>
    </failure>
  </testcase> <!-- Test2 -->
  <testcase classname="testPackBarclays.BarclayTestNG" name="Test3" time="0.001">
    <failure type="java.lang.NoSuchMethodError" message="&amp;apos;void org.openqa.selenium.support.PageFactory.initElements(org.openqa.selenium.WebDriver, java.lang.Object)&amp;apos;">
      <![CDATA[java.lang.NoSuchMethodError: 'void org.openqa.selenium.support.PageFactory.initElements(org.openqa.selenium.WebDriver, java.lang.Object)'
at barclayPomClasses.Homepage.<init>(Homepage.java:43)
at testPackBarclays.BarclayTestNG.Test3(BarclayTestNG.java:92)
at java.base/java.util.ArrayList.forEach(ArrayList.java:1511)
... Removed 27 stack frames]]>
    </failure>
  </testcase> <!-- Test3 -->
  <testcase classname="testPackBarclays.BarclayTestNG" name="Test4" time="0.001">
    <failure type="java.lang.NoSuchMethodError" message="&amp;apos;void org.openqa.selenium.support.PageFactory.initElements(org.openqa.selenium.WebDriver, java.lang.Object)&amp;apos;">
      <![CDATA[java.lang.NoSuchMethodError: 'void org.openqa.selenium.support.PageFactory.initElements(org.openqa.selenium.WebDriver, java.lang.Object)'
at barclayPomClasses.Homepage.<init>(Homepage.java:43)
at testPackBarclays.BarclayTestNG.Test4(BarclayTestNG.java:109)
at java.base/java.util.ArrayList.forEach(ArrayList.java:1511)
... Removed 27 stack frames]]>
    </failure>
  </testcase> <!-- Test4 -->
  <testcase classname="testPackBarclays.BarclayTestNG" name="Test5" time="0.001">
    <failure type="java.lang.NoSuchMethodError" message="&amp;apos;void org.openqa.selenium.support.PageFactory.initElements(org.openqa.selenium.WebDriver, java.lang.Object)&amp;apos;">
      <![CDATA[java.lang.NoSuchMethodError: 'void org.openqa.selenium.support.PageFactory.initElements(org.openqa.selenium.WebDriver, java.lang.Object)'
at barclayPomClasses.Homepage.<init>(Homepage.java:43)
at testPackBarclays.BarclayTestNG.Test5(BarclayTestNG.java:126)
at java.base/java.util.ArrayList.forEach(ArrayList.java:1511)
... Removed 27 stack frames]]>
    </failure>
  </testcase> <!-- Test5 -->
</testsuite> <!-- Test -->
